================================================================
======== txAdmin v8.0.1 atop fxserver 25770 Starting - 7/3/2026, 3:30:29 PM
================================================================
[15:31:00][WildzKreationz] created admins file
[15:31:20][WildzKreationz] Config changes: general.serverName
[15:31:20][WildzKreationz] Changing global settings via setup stepper and started Deployer.
[15:31:22][WildzKreationz] Setting recipe.
[15:31:32][WildzKreationz] Running recipe.
[15:31:56][WildzKreationz] Config changes: server.dataPath
[15:31:56][WildzKreationz] Completed and committed server deploy.
================================================================
======== txAdmin v8.0.1 atop fxserver 25770 Starting - 7/3/2026, 3:33:27 PM
================================================================
================================================================
======== txAdmin v8.0.1 atop fxserver 25770 Starting - 7/3/2026, 3:44:07 PM
================================================================
================================================================
======== txAdmin v8.0.1 atop fxserver 25770 Starting - 7/3/2026, 3:46:03 PM
================================================================
================================================================
======== txAdmin v8.0.1 atop fxserver 25770 Starting - 7/3/2026, 3:47:08 PM
================================================================
================================================================
======== txAdmin v8.0.1 atop fxserver 25770 Starting - 7/3/2026, 3:51:45 PM
================================================================
================================================================
======== txAdmin v8.0.1 atop fxserver 25770 Starting - 7/3/2026, 3:52:59 PM
================================================================
================================================================
======== txAdmin v8.0.1 atop fxserver 25770 Starting - 7/3/2026, 4:06:09 PM
================================================================
================================================================
======== txAdmin v8.0.1 atop fxserver 25770 Starting - 7/3/2026, 4:07:27 PM
================================================================
================================================================
======== txAdmin v8.0.1 atop fxserver 25770 Starting - 7/3/2026, 4:17:00 PM
================================================================
