================================================================
======== txAdmin v8.0.1 atop fxserver 25770 Starting - 7/3/2026, 3:30:29 PM
================================================================
[3:31:59 PM] txAdmin: Logger started
================================================================
======== txAdmin v8.0.1 atop fxserver 25770 Starting - 7/3/2026, 3:33:27 PM
================================================================
[3:33:30 PM] txAdmin: Logger started
================================================================
======== txAdmin v8.0.1 atop fxserver 25770 Starting - 7/3/2026, 3:44:07 PM
================================================================
[3:44:10 PM] txAdmin: Logger started
================================================================
======== txAdmin v8.0.1 atop fxserver 25770 Starting - 7/3/2026, 3:46:03 PM
================================================================
[3:46:07 PM] txAdmin: Logger started
================================================================
======== txAdmin v8.0.1 atop fxserver 25770 Starting - 7/3/2026, 3:47:08 PM
================================================================
[3:47:12 PM] txAdmin: Logger started
[3:48:57 PM] [mAWnK#1] MoodyGoose7354: joined with identifiers [license:3c33…d3eb, discord:7726…2602, fivem:7531365, license2:908d…4bb4]
[3:49:53 PM] [mAWnK#1] MoodyGoose7354: said "/vmenu"
[3:51:04 PM] [mAWnK#1] MoodyGoose7354: disconnected (Exiting)
================================================================
======== txAdmin v8.0.1 atop fxserver 25770 Starting - 7/3/2026, 3:51:45 PM
================================================================
[3:51:48 PM] txAdmin: Logger started
================================================================
======== txAdmin v8.0.1 atop fxserver 25770 Starting - 7/3/2026, 3:52:59 PM
================================================================
[3:53:03 PM] txAdmin: Logger started
[3:54:35 PM] [YLdth#1] MoodyGoose7354: joined with identifiers [license:3c33…d3eb, discord:7726…2602, fivem:7531365, license2:908d…4bb4]
[4:05:49 PM] [YLdth#1] MoodyGoose7354: disconnected (Exiting)
================================================================
======== txAdmin v8.0.1 atop fxserver 25770 Starting - 7/3/2026, 4:06:09 PM
================================================================
[4:06:13 PM] txAdmin: Logger started
================================================================
======== txAdmin v8.0.1 atop fxserver 25770 Starting - 7/3/2026, 4:07:27 PM
================================================================
[4:07:31 PM] txAdmin: Logger started
[4:09:39 PM] [fhCMC#1] MoodyGoose7354: joined with identifiers [license:3c33…d3eb, discord:7726…2602, fivem:7531365, license2:908d…4bb4]
[4:11:48 PM] [fhCMC#1] MoodyGoose7354: said "/car sanchez"
[4:11:58 PM] [fhCMC#1] MoodyGoose7354: spawned a vehicle (model: sanchez)
[4:12:14 PM] [fhCMC#1] MoodyGoose7354: said "/dv"
[4:12:20 PM] [fhCMC#1] MoodyGoose7354: deleted a vehicle
[4:16:36 PM] [fhCMC#1] MoodyGoose7354: disconnected (Exiting)
================================================================
======== txAdmin v8.0.1 atop fxserver 25770 Starting - 7/3/2026, 4:17:00 PM
================================================================
[4:17:04 PM] txAdmin: Logger started
[4:17:40 PM] [Vp9fx#1] MoodyGoose7354: joined with identifiers [license:3c33…d3eb, discord:7726…2602, fivem:7531365, license2:908d…4bb4]
[4:35:29 PM] [Vp9fx#1] MoodyGoose7354: disconnected (Exiting)
